%!Adobe-FontList 1.24
%Locale:0x804

%BeginFont
Handler:DirectoryHandler
FontType:Invalid
OutlineFileName:C:\Users\kent\OneDrive\桌面\Font\HelveticaNowText-Black.eot
FileModTime:1555935312
%EndFont

%BeginFont
Handler:DirectoryHandler
FontType:TrueType
FontName:HelveticaNowText-Black
FamilyName:Helvetica Now Text 
StyleName:Black
FullName:HelveticaNowText-Black
MenuName:HelveticaNowText Black
StyleBits:0
WritingScript:Roman
OutlineFileName:C:\Users\kent\OneDrive\桌面\Font\HelveticaNowText-Black.ttf
DataFormat:sfntData
hasSVG:no
hasCOLR:no
VariableFontType:NonVariableFont
FileLength:125028
FileModTime:1555935312
WeightClass:900
WidthClass:5
AngleClass:0
NameArray:0,Mac,4,HelveticaNowText-Black
NameArray:0,Win,1,HelveticaNowText Black
NameArray:0,Win,16,Helvetica Now Text 
%EndFont

%BeginFont
Handler:DirectoryHandler
FontType:Invalid
OutlineFileName:C:\Users\kent\OneDrive\桌面\Font\HelveticaNowText-Black.woff
FileModTime:1555935312
%EndFont

%BeginFont
Handler:DirectoryHandler
FontType:Invalid
OutlineFileName:C:\Users\kent\OneDrive\桌面\Font\HelveticaNowText-Black.woff2
FileModTime:1555935312
%EndFont

%BeginFont
Handler:DirectoryHandler
FontType:Invalid
OutlineFileName:C:\Users\kent\OneDrive\桌面\Font\HelveticaNowText-BlackItalic.eot
FileModTime:1555935310
%EndFont

%BeginFont
Handler:DirectoryHandler
FontType:TrueType
FontName:HelveticaNowText-BlackItalic
FamilyName:Helvetica Now Text 
StyleName:Black Italic
FullName:HelveticaNowText-BlackItalic
MenuName:HelveticaNowText Black
StyleBits:1
WritingScript:Roman
OutlineFileName:C:\Users\kent\OneDrive\桌面\Font\HelveticaNowText-BlackItalic.ttf
DataFormat:sfntData
hasSVG:no
hasCOLR:no
VariableFontType:NonVariableFont
FileLength:131488
FileModTime:1555935310
WeightClass:900
WidthClass:5
AngleClass:1
NameArray:0,Mac,4,HelveticaNowText-BlackItalic
NameArray:0,Win,1,HelveticaNowText Black
NameArray:0,Win,16,Helvetica Now Text 
%EndFont

%BeginFont
Handler:DirectoryHandler
FontType:Invalid
OutlineFileName:C:\Users\kent\OneDrive\桌面\Font\HelveticaNowText-BlackItalic.woff
FileModTime:1555935310
%EndFont

%BeginFont
Handler:DirectoryHandler
FontType:Invalid
OutlineFileName:C:\Users\kent\OneDrive\桌面\Font\HelveticaNowText-BlackItalic.woff2
FileModTime:1555935310
%EndFont

%BeginFont
Handler:DirectoryHandler
FontType:Invalid
OutlineFileName:C:\Users\kent\OneDrive\桌面\Font\HelveticaNowText-Bold.eot
FileModTime:1555935312
%EndFont

%BeginFont
Handler:DirectoryHandler
FontType:TrueType
FontName:HelveticaNowText-Bold
FamilyName:Helvetica Now Text 
StyleName:Bold
FullName:HelveticaNowText-Bold
MenuName:HelveticaNowText Bold
StyleBits:0
WritingScript:Roman
OutlineFileName:C:\Users\kent\OneDrive\桌面\Font\HelveticaNowText-Bold.ttf
DataFormat:sfntData
hasSVG:no
hasCOLR:no
VariableFontType:NonVariableFont
FileLength:126036
FileModTime:1555935312
WeightClass:700
WidthClass:5
AngleClass:0
NameArray:0,Mac,4,HelveticaNowText-Bold
NameArray:0,Win,1,HelveticaNowText Bold
NameArray:0,Win,16,Helvetica Now Text 
%EndFont

%BeginFont
Handler:DirectoryHandler
FontType:Invalid
OutlineFileName:C:\Users\kent\OneDrive\桌面\Font\HelveticaNowText-Bold.woff
FileModTime:1555935312
%EndFont

%BeginFont
Handler:DirectoryHandler
FontType:Invalid
OutlineFileName:C:\Users\kent\OneDrive\桌面\Font\HelveticaNowText-Bold.woff2
FileModTime:1555935314
%EndFont

%BeginFont
Handler:DirectoryHandler
FontType:Invalid
OutlineFileName:C:\Users\kent\OneDrive\桌面\Font\HelveticaNowText-BoldItalic.eot
FileModTime:1555935312
%EndFont

%BeginFont
Handler:DirectoryHandler
FontType:TrueType
FontName:HelveticaNowText-BoldItalic
FamilyName:Helvetica Now Text 
StyleName:Bold Italic
FullName:HelveticaNowText-BoldItalic
MenuName:HelveticaNowText Bold
StyleBits:1
WritingScript:Roman
OutlineFileName:C:\Users\kent\OneDrive\桌面\Font\HelveticaNowText-BoldItalic.ttf
DataFormat:sfntData
hasSVG:no
hasCOLR:no
VariableFontType:NonVariableFont
FileLength:132692
FileModTime:1555935312
WeightClass:700
WidthClass:5
AngleClass:1
NameArray:0,Mac,4,HelveticaNowText-BoldItalic
NameArray:0,Win,1,HelveticaNowText Bold
NameArray:0,Win,16,Helvetica Now Text 
%EndFont

%BeginFont
Handler:DirectoryHandler
FontType:Invalid
OutlineFileName:C:\Users\kent\OneDrive\桌面\Font\HelveticaNowText-BoldItalic.woff
FileModTime:1555935312
%EndFont

%BeginFont
Handler:DirectoryHandler
FontType:Invalid
OutlineFileName:C:\Users\kent\OneDrive\桌面\Font\HelveticaNowText-BoldItalic.woff2
FileModTime:1555935312
%EndFont

%BeginFont
Handler:DirectoryHandler
FontType:Invalid
OutlineFileName:C:\Users\kent\OneDrive\桌面\Font\HelveticaNowText-ExtBdIta.eot
FileModTime:1555935310
%EndFont

%BeginFont
Handler:DirectoryHandler
FontType:TrueType
FontName:HelveticaNowText-ExtBdIta
FamilyName:Helvetica Now Text 
StyleName:Extra Bold Italic
FullName:HelveticaNowText-ExtBdIta
MenuName:HelveticaNowText ExtraBold
StyleBits:1
WritingScript:Roman
OutlineFileName:C:\Users\kent\OneDrive\桌面\Font\HelveticaNowText-ExtBdIta.ttf
DataFormat:sfntData
hasSVG:no
hasCOLR:no
VariableFontType:NonVariableFont
FileLength:132088
FileModTime:1555935310
WeightClass:800
WidthClass:5
AngleClass:1
NameArray:0,Mac,4,HelveticaNowText-ExtBdIta
NameArray:0,Win,1,HelveticaNowText ExtraBold
NameArray:0,Win,16,Helvetica Now Text 
%EndFont

%BeginFont
Handler:DirectoryHandler
FontType:Invalid
OutlineFileName:C:\Users\kent\OneDrive\桌面\Font\HelveticaNowText-ExtBdIta.woff
FileModTime:1555935310
%EndFont

%BeginFont
Handler:DirectoryHandler
FontType:Invalid
OutlineFileName:C:\Users\kent\OneDrive\桌面\Font\HelveticaNowText-ExtBdIta.woff2
FileModTime:1555935312
%EndFont

%BeginFont
Handler:DirectoryHandler
FontType:Invalid
OutlineFileName:C:\Users\kent\OneDrive\桌面\Font\HelveticaNowText-ExtLtIta.eot
FileModTime:1555935314
%EndFont

%BeginFont
Handler:DirectoryHandler
FontType:TrueType
FontName:HelveticaNowText-ExtLtIta
FamilyName:Helvetica Now Text 
StyleName:Extra Light Italic
FullName:HelveticaNowText-ExtLtIta
MenuName:HelveticaNowText ExtraLight
StyleBits:1
WritingScript:Roman
OutlineFileName:C:\Users\kent\OneDrive\桌面\Font\HelveticaNowText-ExtLtIta.ttf
DataFormat:sfntData
hasSVG:no
hasCOLR:no
VariableFontType:NonVariableFont
FileLength:134476
FileModTime:1555935314
WeightClass:300
WidthClass:5
AngleClass:1
NameArray:0,Mac,4,HelveticaNowText-ExtLtIta
NameArray:0,Win,1,HelveticaNowText ExtraLight
NameArray:0,Win,16,Helvetica Now Text 
%EndFont

%BeginFont
Handler:DirectoryHandler
FontType:Invalid
OutlineFileName:C:\Users\kent\OneDrive\桌面\Font\HelveticaNowText-ExtLtIta.woff
FileModTime:1555935314
%EndFont

%BeginFont
Handler:DirectoryHandler
FontType:Invalid
OutlineFileName:C:\Users\kent\OneDrive\桌面\Font\HelveticaNowText-ExtLtIta.woff2
FileModTime:1555935314
%EndFont

%BeginFont
Handler:DirectoryHandler
FontType:Invalid
OutlineFileName:C:\Users\kent\OneDrive\桌面\Font\HelveticaNowText-ExtraBold.eot
FileModTime:1555935318
%EndFont

%BeginFont
Handler:DirectoryHandler
FontType:TrueType
FontName:HelveticaNowText-ExtraBold
FamilyName:Helvetica Now Text 
StyleName:Extra Bold
FullName:HelveticaNowText-ExtraBold
MenuName:HelveticaNowText ExtraBold
StyleBits:0
WritingScript:Roman
OutlineFileName:C:\Users\kent\OneDrive\桌面\Font\HelveticaNowText-ExtraBold.ttf
DataFormat:sfntData
hasSVG:no
hasCOLR:no
VariableFontType:NonVariableFont
FileLength:125384
FileModTime:1555935318
WeightClass:800
WidthClass:5
AngleClass:0
NameArray:0,Mac,4,HelveticaNowText-ExtraBold
NameArray:0,Win,1,HelveticaNowText ExtraBold
NameArray:0,Win,16,Helvetica Now Text 
%EndFont

%BeginFont
Handler:DirectoryHandler
FontType:Invalid
OutlineFileName:C:\Users\kent\OneDrive\桌面\Font\HelveticaNowText-ExtraBold.woff
FileModTime:1555935318
%EndFont

%BeginFont
Handler:DirectoryHandler
FontType:Invalid
OutlineFileName:C:\Users\kent\OneDrive\桌面\Font\HelveticaNowText-ExtraBold.woff2
FileModTime:1555935318
%EndFont

%BeginFont
Handler:DirectoryHandler
FontType:Invalid
OutlineFileName:C:\Users\kent\OneDrive\桌面\Font\HelveticaNowText-ExtraLight.eot
FileModTime:1555935316
%EndFont

%BeginFont
Handler:DirectoryHandler
FontType:TrueType
FontName:HelveticaNowText-ExtraLight
FamilyName:Helvetica Now Text 
StyleName:Extra Light
FullName:HelveticaNowText-ExtraLight
MenuName:HelveticaNowText ExtraLight
StyleBits:0
WritingScript:Roman
OutlineFileName:C:\Users\kent\OneDrive\桌面\Font\HelveticaNowText-ExtraLight.ttf
DataFormat:sfntData
hasSVG:no
hasCOLR:no
VariableFontType:NonVariableFont
FileLength:127692
FileModTime:1555935316
WeightClass:300
WidthClass:5
AngleClass:0
NameArray:0,Mac,4,HelveticaNowText-ExtraLight
NameArray:0,Win,1,HelveticaNowText ExtraLight
NameArray:0,Win,16,Helvetica Now Text 
%EndFont

%BeginFont
Handler:DirectoryHandler
FontType:Invalid
OutlineFileName:C:\Users\kent\OneDrive\桌面\Font\HelveticaNowText-ExtraLight.woff
FileModTime:1555935316
%EndFont

%BeginFont
Handler:DirectoryHandler
FontType:Invalid
OutlineFileName:C:\Users\kent\OneDrive\桌面\Font\HelveticaNowText-ExtraLight.woff2
FileModTime:1555935316
%EndFont

%BeginFont
Handler:DirectoryHandler
FontType:Invalid
OutlineFileName:C:\Users\kent\OneDrive\桌面\Font\HelveticaNowText-Light.eot
FileModTime:1555935316
%EndFont

%BeginFont
Handler:DirectoryHandler
FontType:TrueType
FontName:HelveticaNowText-Light
FamilyName:Helvetica Now Text 
StyleName:Light
FullName:HelveticaNowText-Light
MenuName:HelveticaNowText Light
StyleBits:0
WritingScript:Roman
OutlineFileName:C:\Users\kent\OneDrive\桌面\Font\HelveticaNowText-Light.ttf
DataFormat:sfntData
hasSVG:no
hasCOLR:no
VariableFontType:NonVariableFont
FileLength:127280
FileModTime:1555935316
WeightClass:300
WidthClass:5
AngleClass:0
NameArray:0,Mac,4,HelveticaNowText-Light
NameArray:0,Win,1,HelveticaNowText Light
NameArray:0,Win,16,Helvetica Now Text 
%EndFont

%BeginFont
Handler:DirectoryHandler
FontType:Invalid
OutlineFileName:C:\Users\kent\OneDrive\桌面\Font\HelveticaNowText-Light.woff
FileModTime:1555935316
%EndFont

%BeginFont
Handler:DirectoryHandler
FontType:Invalid
OutlineFileName:C:\Users\kent\OneDrive\桌面\Font\HelveticaNowText-Light.woff2
FileModTime:1555935316
%EndFont

%BeginFont
Handler:DirectoryHandler
FontType:Invalid
OutlineFileName:C:\Users\kent\OneDrive\桌面\Font\HelveticaNowText-LightItalic.eot
FileModTime:1555935320
%EndFont

%BeginFont
Handler:DirectoryHandler
FontType:TrueType
FontName:HelveticaNowText-LightItalic
FamilyName:Helvetica Now Text 
StyleName:Light Italic
FullName:HelveticaNowText-LightItalic
MenuName:HelveticaNowText Light
StyleBits:1
WritingScript:Roman
OutlineFileName:C:\Users\kent\OneDrive\桌面\Font\HelveticaNowText-LightItalic.ttf
DataFormat:sfntData
hasSVG:no
hasCOLR:no
VariableFontType:NonVariableFont
FileLength:134344
FileModTime:1555935320
WeightClass:300
WidthClass:5
AngleClass:1
NameArray:0,Mac,4,HelveticaNowText-LightItalic
NameArray:0,Win,1,HelveticaNowText Light
NameArray:0,Win,16,Helvetica Now Text 
%EndFont

%BeginFont
Handler:DirectoryHandler
FontType:Invalid
OutlineFileName:C:\Users\kent\OneDrive\桌面\Font\HelveticaNowText-LightItalic.woff
FileModTime:1555935320
%EndFont

%BeginFont
Handler:DirectoryHandler
FontType:Invalid
OutlineFileName:C:\Users\kent\OneDrive\桌面\Font\HelveticaNowText-LightItalic.woff2
FileModTime:1555935320
%EndFont

%BeginFont
Handler:DirectoryHandler
FontType:Invalid
OutlineFileName:C:\Users\kent\OneDrive\桌面\Font\HelveticaNowText-Medium.eot
FileModTime:1555935320
%EndFont

%BeginFont
Handler:DirectoryHandler
FontType:TrueType
FontName:HelveticaNowText-Medium
FamilyName:Helvetica Now Text 
StyleName:Medium
FullName:HelveticaNowText-Medium
MenuName:HelveticaNowText Medium
StyleBits:0
WritingScript:Roman
OutlineFileName:C:\Users\kent\OneDrive\桌面\Font\HelveticaNowText-Medium.ttf
DataFormat:sfntData
hasSVG:no
hasCOLR:no
VariableFontType:NonVariableFont
FileLength:126740
FileModTime:1555935320
WeightClass:500
WidthClass:5
AngleClass:0
NameArray:0,Mac,4,HelveticaNowText-Medium
NameArray:0,Win,1,HelveticaNowText Medium
NameArray:0,Win,16,Helvetica Now Text 
%EndFont

%BeginFont
Handler:DirectoryHandler
FontType:Invalid
OutlineFileName:C:\Users\kent\OneDrive\桌面\Font\HelveticaNowText-Medium.woff
FileModTime:1555935320
%EndFont

%BeginFont
Handler:DirectoryHandler
FontType:Invalid
OutlineFileName:C:\Users\kent\OneDrive\桌面\Font\HelveticaNowText-Medium.woff2
FileModTime:1555935322
%EndFont

%BeginFont
Handler:DirectoryHandler
FontType:Invalid
OutlineFileName:C:\Users\kent\OneDrive\桌面\Font\HelveticaNowText-MediumItalic.eot
FileModTime:1555935318
%EndFont

%BeginFont
Handler:DirectoryHandler
FontType:TrueType
FontName:HelveticaNowText-MediumItalic
FamilyName:Helvetica Now Text 
StyleName:Medium Italic
FullName:HelveticaNowText-MediumItalic
MenuName:HelveticaNowText Medium
StyleBits:1
WritingScript:Roman
OutlineFileName:C:\Users\kent\OneDrive\桌面\Font\HelveticaNowText-MediumItalic.ttf
DataFormat:sfntData
hasSVG:no
hasCOLR:no
VariableFontType:NonVariableFont
FileLength:133408
FileModTime:1555935318
WeightClass:500
WidthClass:5
AngleClass:1
NameArray:0,Mac,4,HelveticaNowText-MediumItalic
NameArray:0,Win,1,HelveticaNowText Medium
NameArray:0,Win,16,Helvetica Now Text 
%EndFont

%BeginFont
Handler:DirectoryHandler
FontType:Invalid
OutlineFileName:C:\Users\kent\OneDrive\桌面\Font\HelveticaNowText-MediumItalic.woff
FileModTime:1555935318
%EndFont

%BeginFont
Handler:DirectoryHandler
FontType:Invalid
OutlineFileName:C:\Users\kent\OneDrive\桌面\Font\HelveticaNowText-MediumItalic.woff2
FileModTime:1555935318
%EndFont

%BeginFont
Handler:DirectoryHandler
FontType:Invalid
OutlineFileName:C:\Users\kent\OneDrive\桌面\Font\HelveticaNowText-RegIta.eot
FileModTime:1555935314
%EndFont

%BeginFont
Handler:DirectoryHandler
FontType:TrueType
FontName:HelveticaNowText-RegIta
FamilyName:Helvetica Now Text 
StyleName:Regular Italic
FullName:HelveticaNowText-RegIta
MenuName:HelveticaNowText Regular
StyleBits:1
WritingScript:Roman
OutlineFileName:C:\Users\kent\OneDrive\桌面\Font\HelveticaNowText-RegIta.ttf
DataFormat:sfntData
hasSVG:no
hasCOLR:no
VariableFontType:NonVariableFont
FileLength:133096
FileModTime:1555935314
WeightClass:400
WidthClass:5
AngleClass:1
NameArray:0,Mac,4,HelveticaNowText-RegIta
NameArray:0,Win,1,HelveticaNowText Regular
NameArray:0,Win,16,Helvetica Now Text 
%EndFont

%BeginFont
Handler:DirectoryHandler
FontType:Invalid
OutlineFileName:C:\Users\kent\OneDrive\桌面\Font\HelveticaNowText-RegIta.woff
FileModTime:1555935314
%EndFont

%BeginFont
Handler:DirectoryHandler
FontType:Invalid
OutlineFileName:C:\Users\kent\OneDrive\桌面\Font\HelveticaNowText-RegIta.woff2
FileModTime:1555935314
%EndFont

%BeginFont
Handler:DirectoryHandler
FontType:Invalid
OutlineFileName:C:\Users\kent\OneDrive\桌面\Font\HelveticaNowText-Regular.eot
FileModTime:1555935318
%EndFont

%BeginFont
Handler:DirectoryHandler
FontType:TrueType
FontName:HelveticaNowText-Regular
FamilyName:Helvetica Now Text 
StyleName:Regular
FullName:HelveticaNowText-Regular
MenuName:HelveticaNowText Regular
StyleBits:0
WritingScript:Roman
OutlineFileName:C:\Users\kent\OneDrive\桌面\Font\HelveticaNowText-Regular.ttf
DataFormat:sfntData
hasSVG:no
hasCOLR:no
VariableFontType:NonVariableFont
FileLength:126076
FileModTime:1555935318
WeightClass:400
WidthClass:5
AngleClass:0
NameArray:0,Mac,4,HelveticaNowText-Regular
NameArray:0,Win,1,HelveticaNowText Regular
NameArray:0,Win,16,Helvetica Now Text 
%EndFont

%BeginFont
Handler:DirectoryHandler
FontType:Invalid
OutlineFileName:C:\Users\kent\OneDrive\桌面\Font\HelveticaNowText-Regular.woff
FileModTime:1555935318
%EndFont

%BeginFont
Handler:DirectoryHandler
FontType:Invalid
OutlineFileName:C:\Users\kent\OneDrive\桌面\Font\HelveticaNowText-Regular.woff2
FileModTime:1555935318
%EndFont

%BeginFont
Handler:DirectoryHandler
FontType:Invalid
OutlineFileName:C:\Users\kent\OneDrive\桌面\Font\HelveticaNowText-Thin.eot
FileModTime:1555935314
%EndFont

%BeginFont
Handler:DirectoryHandler
FontType:TrueType
FontName:HelveticaNowText-Thin
FamilyName:Helvetica Now Text 
StyleName:Thin
FullName:HelveticaNowText-Thin
MenuName:HelveticaNowText Thin
StyleBits:0
WritingScript:Roman
OutlineFileName:C:\Users\kent\OneDrive\桌面\Font\HelveticaNowText-Thin.ttf
DataFormat:sfntData
hasSVG:no
hasCOLR:no
VariableFontType:NonVariableFont
FileLength:127652
FileModTime:1555935314
WeightClass:265
WidthClass:5
AngleClass:0
NameArray:0,Mac,4,HelveticaNowText-Thin
NameArray:0,Win,1,HelveticaNowText Thin
NameArray:0,Win,16,Helvetica Now Text 
%EndFont

%BeginFont
Handler:DirectoryHandler
FontType:Invalid
OutlineFileName:C:\Users\kent\OneDrive\桌面\Font\HelveticaNowText-Thin.woff
FileModTime:1555935314
%EndFont

%BeginFont
Handler:DirectoryHandler
FontType:Invalid
OutlineFileName:C:\Users\kent\OneDrive\桌面\Font\HelveticaNowText-Thin.woff2
FileModTime:1555935316
%EndFont

%BeginFont
Handler:DirectoryHandler
FontType:Invalid
OutlineFileName:C:\Users\kent\OneDrive\桌面\Font\HelveticaNowText-ThinItalic.eot
FileModTime:1555935320
%EndFont

%BeginFont
Handler:DirectoryHandler
FontType:TrueType
FontName:HelveticaNowText-ThinItalic
FamilyName:Helvetica Now Text 
StyleName:Thin Italic
FullName:HelveticaNowText-ThinItalic
MenuName:HelveticaNowText Thin
StyleBits:1
WritingScript:Roman
OutlineFileName:C:\Users\kent\OneDrive\桌面\Font\HelveticaNowText-ThinItalic.ttf
DataFormat:sfntData
hasSVG:no
hasCOLR:no
VariableFontType:NonVariableFont
FileLength:134932
FileModTime:1555935320
WeightClass:265
WidthClass:5
AngleClass:1
NameArray:0,Mac,4,HelveticaNowText-ThinItalic
NameArray:0,Win,1,HelveticaNowText Thin
NameArray:0,Win,16,Helvetica Now Text 
%EndFont

%BeginFont
Handler:DirectoryHandler
FontType:Invalid
OutlineFileName:C:\Users\kent\OneDrive\桌面\Font\HelveticaNowText-ThinItalic.woff
FileModTime:1555935320
%EndFont

%BeginFont
Handler:DirectoryHandler
FontType:Invalid
OutlineFileName:C:\Users\kent\OneDrive\桌面\Font\HelveticaNowText-ThinItalic.woff2
FileModTime:1555935320
%EndFont

%BeginFont
Handler:DirectoryHandler
FontType:Invalid
OutlineFileName:C:\Users\kent\OneDrive\桌面\Font\demo.html
FileModTime:1555935322
%EndFont

%BeginFont
Handler:DirectoryHandler
FontType:Invalid
OutlineFileName:C:\Users\kent\OneDrive\桌面\Font\stylesheet.css
FileModTime:1555935322
%EndFont

